[debug] [2020-09-12T13:14:29.864Z] ----------------------------------------------------------------------
[debug] [2020-09-12T13:14:29.866Z] Command:       C:\Program Files\nodejs\node.exe C:\Users\hyper\AppData\Roaming\npm\node_modules\firebase-tools\lib\bin\firebase.js emulators:start
[debug] [2020-09-12T13:14:29.866Z] CLI Version:   8.10.0
[debug] [2020-09-12T13:14:29.866Z] Platform:      win32
[debug] [2020-09-12T13:14:29.866Z] Node Version:  v12.18.3
[debug] [2020-09-12T13:14:29.867Z] Time:          Sat Sep 12 2020 18:44:29 GMT+0530 (India Standard Time)
[debug] [2020-09-12T13:14:29.867Z] ----------------------------------------------------------------------
[debug] [2020-09-12T13:14:29.867Z] 
[debug] [2020-09-12T13:14:29.876Z] > command requires scopes: ["email","openid","https://www.googleapis.com/auth/cloudplatformprojects.readonly","https://www.googleapis.com/auth/firebase","https://www.googleapis.com/auth/cloud-platform"]
[debug] [2020-09-12T13:14:29.876Z] > authorizing via signed-in user
[info] i  emulators: Starting emulators: functions, hosting {"metadata":{"emulator":{"name":"hub"},"message":"Starting emulators: functions, hosting"}}
[debug] [2020-09-12T13:14:31.896Z] [hub] writing locator at C:\Users\hyper\AppData\Local\Temp\hub-clone-74420.json
[warn] !  functions: The following emulators are not running, calls to these services from the Functions emulator will affect production: firestore, database, pubsub {"metadata":{"emulator":{"name":"functions"},"message":"The following emulators are not running, calls to these services from the Functions emulator will affect production: \u001b[1mfirestore, database, pubsub\u001b[22m"}}
[warn] !  Your requested "node" version "10" doesn't match your global version "12" {"metadata":{"emulator":{"name":"functions"},"message":"Your requested \"node\" version \"10\" doesn't match your global version \"12\""}}
[debug] [2020-09-12T13:14:33.926Z] defaultcredentials: writing to file C:\Users\hyper\AppData\Roaming\firebase\hypersync112_gmail_com_application_default_credentials.json
[debug] [2020-09-12T13:14:33.930Z] Setting GAC to C:\Users\hyper\AppData\Roaming\firebase\hypersync112_gmail_com_application_default_credentials.json {"metadata":{"emulator":{"name":"functions"},"message":"Setting GAC to C:\\Users\\hyper\\AppData\\Roaming\\firebase\\hypersync112_gmail_com_application_default_credentials.json"}}
[debug] [2020-09-12T13:14:35.941Z] >>> HTTP REQUEST GET https://firebase.googleapis.com/v1beta1/projects/clone-74420/webApps/-/config  
 
[debug] [2020-09-12T13:14:37.286Z] <<< HTTP RESPONSE 200 {"content-type":"application/json; charset=UTF-8","vary":"X-Origin, Referer, Origin,Accept-Encoding","date":"Sat, 12 Sep 2020 13:14:37 GMT","server":"ESF","cache-control":"private","x-xss-protection":"0","x-frame-options":"SAMEORIGIN","x-content-type-options":"nosniff","alt-svc":"h3-29=\":443\"; ma=2592000,h3-27=\":443\"; ma=2592000,h3-T051=\":443\"; ma=2592000,h3-T050=\":443\"; ma=2592000,h3-Q050=\":443\"; ma=2592000,h3-Q046=\":443\"; ma=2592000,h3-Q043=\":443\"; ma=2592000,quic=\":443\"; ma=2592000; v=\"46,43\"","accept-ranges":"none","transfer-encoding":"chunked"}
[info] i  hosting: Serving hosting files from: build {"metadata":{"emulator":{"name":"hosting"},"message":"Serving hosting files from: \u001b[1mbuild\u001b[22m"}}
[info] +  hosting: Local server: http://localhost:5000 {"metadata":{"emulator":{"name":"hosting"},"message":"Local server: \u001b[4m\u001b[1mhttp://localhost:5000\u001b[22m\u001b[24m"}}
[debug] [2020-09-12T13:14:41.817Z] Ignoring unsupported arg: auto_download {"metadata":{"emulator":{"name":"ui"},"message":"Ignoring unsupported arg: auto_download"}}
[debug] [2020-09-12T13:14:41.817Z] Ignoring unsupported arg: port {"metadata":{"emulator":{"name":"ui"},"message":"Ignoring unsupported arg: port"}}
[debug] [2020-09-12T13:14:41.817Z] Starting Emulator UI with command {"binary":"node","args":["C:\\Users\\hyper\\.cache\\firebase\\emulators\\ui-v1.1.1\\server.bundle.js"],"optionalArgs":[],"joinArgs":false} {"metadata":{"emulator":{"name":"ui"},"message":"Starting Emulator UI with command {\"binary\":\"node\",\"args\":[\"C:\\\\Users\\\\hyper\\\\.cache\\\\firebase\\\\emulators\\\\ui-v1.1.1\\\\server.bundle.js\"],\"optionalArgs\":[],\"joinArgs\":false}"}}
[info] i  ui: Emulator UI logging to ui-debug.log {"metadata":{"emulator":{"name":"ui"},"message":"Emulator UI logging to \u001b[1mui-debug.log\u001b[22m"}}
[debug] [2020-09-12T13:14:41.914Z] Web / API server started at http://localhost:4000
 {"metadata":{"emulator":{"name":"ui"},"message":"Web / API server started at http://localhost:4000\n"}}
[debug] [2020-09-12T13:14:42.252Z] [work-queue] {"queueLength":1,"workRunningCount":0}
[debug] [2020-09-12T13:14:42.253Z] [work-queue] {"queueLength":0,"workRunningCount":1}
[debug] [2020-09-12T13:14:42.253Z] FirebaseError: No trigger with name api {"metadata":{"emulator":{"name":"functions"},"message":{"name":"FirebaseError","children":[],"exit":1,"message":"No trigger with name api","status":500}}}
[debug] [2020-09-12T13:14:42.253Z] [work-queue] {"queueLength":0,"workRunningCount":0}
[info] i  functions: Watching "C:\Users\hyper\Documents\Web Dev\Clever Programmer\amazon-clone\functions" for Cloud Functions... {"metadata":{"emulator":{"name":"functions"},"message":"Watching \"C:\\Users\\hyper\\Documents\\Web Dev\\Clever Programmer\\amazon-clone\\functions\" for Cloud Functions..."}}
[debug] [2020-09-12T13:14:42.337Z] [worker-pool] addWorker(~diagnostic~) {"metadata":{"emulator":{"name":"functions"},"message":"[worker-pool] addWorker(~diagnostic~)"}}
[debug] [2020-09-12T13:14:42.337Z] [worker-pool] Adding worker with key ~diagnostic~, total=1 {"metadata":{"emulator":{"name":"functions"},"message":"[worker-pool] Adding worker with key ~diagnostic~, total=1"}}
[debug] [2020-09-12T13:14:42.337Z] [worker-pool] submitWork(triggerId=) {"metadata":{"emulator":{"name":"functions"},"message":"[worker-pool] submitWork(triggerId=)"}}
[debug] [2020-09-12T13:14:42.337Z] [worker-~diagnostic~-ab788330-9c12-4f41-abbb-28587ebb307e]: Assigning socketPath: \\?\pipe\C:\Users\hyper\Documents\Web Dev\Clever Programmer\amazon-clone\functions\12340 {"metadata":{"emulator":{"name":"functions"},"message":"[worker-~diagnostic~-ab788330-9c12-4f41-abbb-28587ebb307e]: Assigning socketPath: \\\\?\\pipe\\C:\\Users\\hyper\\Documents\\Web Dev\\Clever Programmer\\amazon-clone\\functions\\12340"}}
[debug] [2020-09-12T13:14:42.338Z] [worker-~diagnostic~-ab788330-9c12-4f41-abbb-28587ebb307e]: BUSY {"metadata":{"emulator":{"name":"functions"},"message":"[worker-~diagnostic~-ab788330-9c12-4f41-abbb-28587ebb307e]: BUSY"}}
[debug] [2020-09-12T13:14:42.687Z] [runtime-status] [12340] Functions runtime initialized. {"cwd":"C:\\Users\\hyper\\Documents\\Web Dev\\Clever Programmer\\amazon-clone\\functions","node_version":"12.18.3"} {"metadata":{"emulator":{"name":"functions"},"message":"[runtime-status] [12340] Functions runtime initialized. {\"cwd\":\"C:\\\\Users\\\\hyper\\\\Documents\\\\Web Dev\\\\Clever Programmer\\\\amazon-clone\\\\functions\",\"node_version\":\"12.18.3\"}"}}
[debug] [2020-09-12T13:14:42.688Z] [runtime-status] [12340] Disabled runtime features: undefined {"metadata":{"emulator":{"name":"functions"},"message":"[runtime-status] [12340] Disabled runtime features: undefined"}}
[debug] [2020-09-12T13:14:42.691Z] [runtime-status] [12340] Resolved module firebase-admin {"declared":true,"installed":true,"version":"8.13.0","resolution":"C:\\Users\\hyper\\Documents\\Web Dev\\Clever Programmer\\amazon-clone\\functions\\node_modules\\firebase-admin\\lib\\index.js"} {"metadata":{"emulator":{"name":"functions"},"message":"[runtime-status] [12340] Resolved module firebase-admin {\"declared\":true,\"installed\":true,\"version\":\"8.13.0\",\"resolution\":\"C:\\\\Users\\\\hyper\\\\Documents\\\\Web Dev\\\\Clever Programmer\\\\amazon-clone\\\\functions\\\\node_modules\\\\firebase-admin\\\\lib\\\\index.js\"}"}}
[debug] [2020-09-12T13:14:42.696Z] [runtime-status] [12340] Resolved module firebase-functions {"declared":true,"installed":true,"version":"3.11.0","resolution":"C:\\Users\\hyper\\Documents\\Web Dev\\Clever Programmer\\amazon-clone\\functions\\node_modules\\firebase-functions\\lib\\index.js"} {"metadata":{"emulator":{"name":"functions"},"message":"[runtime-status] [12340] Resolved module firebase-functions {\"declared\":true,\"installed\":true,\"version\":\"3.11.0\",\"resolution\":\"C:\\\\Users\\\\hyper\\\\Documents\\\\Web Dev\\\\Clever Programmer\\\\amazon-clone\\\\functions\\\\node_modules\\\\firebase-functions\\\\lib\\\\index.js\"}"}}
[debug] [2020-09-12T13:14:42.697Z] [runtime-status] [12340] Resolved module firebase-functions {"declared":true,"installed":true,"version":"3.11.0","resolution":"C:\\Users\\hyper\\Documents\\Web Dev\\Clever Programmer\\amazon-clone\\functions\\node_modules\\firebase-functions\\lib\\index.js"} {"metadata":{"emulator":{"name":"functions"},"message":"[runtime-status] [12340] Resolved module firebase-functions {\"declared\":true,\"installed\":true,\"version\":\"3.11.0\",\"resolution\":\"C:\\\\Users\\\\hyper\\\\Documents\\\\Web Dev\\\\Clever Programmer\\\\amazon-clone\\\\functions\\\\node_modules\\\\firebase-functions\\\\lib\\\\index.js\"}"}}
[debug] [2020-09-12T13:14:42.698Z] [runtime-status] [12340] Outgoing network have been stubbed. [{"name":"http","status":"mocked"},{"name":"http","status":"mocked"},{"name":"https","status":"mocked"},{"name":"https","status":"mocked"},{"name":"net","status":"mocked"}] {"metadata":{"emulator":{"name":"functions"},"message":"[runtime-status] [12340] Outgoing network have been stubbed. [{\"name\":\"http\",\"status\":\"mocked\"},{\"name\":\"http\",\"status\":\"mocked\"},{\"name\":\"https\",\"status\":\"mocked\"},{\"name\":\"https\",\"status\":\"mocked\"},{\"name\":\"net\",\"status\":\"mocked\"}]"}}
[debug] [2020-09-12T13:14:42.699Z] [runtime-status] [12340] Resolved module firebase-functions {"declared":true,"installed":true,"version":"3.11.0","resolution":"C:\\Users\\hyper\\Documents\\Web Dev\\Clever Programmer\\amazon-clone\\functions\\node_modules\\firebase-functions\\lib\\index.js"} {"metadata":{"emulator":{"name":"functions"},"message":"[runtime-status] [12340] Resolved module firebase-functions {\"declared\":true,\"installed\":true,\"version\":\"3.11.0\",\"resolution\":\"C:\\\\Users\\\\hyper\\\\Documents\\\\Web Dev\\\\Clever Programmer\\\\amazon-clone\\\\functions\\\\node_modules\\\\firebase-functions\\\\lib\\\\index.js\"}"}}
[debug] [2020-09-12T13:14:42.735Z] [runtime-status] [12340] Checked functions.config() {"config":{}} {"metadata":{"emulator":{"name":"functions"},"message":"[runtime-status] [12340] Checked functions.config() {\"config\":{}}"}}
[debug] [2020-09-12T13:14:42.736Z] [runtime-status] [12340] firebase-functions has been stubbed. {"functionsResolution":{"declared":true,"installed":true,"version":"3.11.0","resolution":"C:\\Users\\hyper\\Documents\\Web Dev\\Clever Programmer\\amazon-clone\\functions\\node_modules\\firebase-functions\\lib\\index.js"}} {"metadata":{"emulator":{"name":"functions"},"message":"[runtime-status] [12340] firebase-functions has been stubbed. {\"functionsResolution\":{\"declared\":true,\"installed\":true,\"version\":\"3.11.0\",\"resolution\":\"C:\\\\Users\\\\hyper\\\\Documents\\\\Web Dev\\\\Clever Programmer\\\\amazon-clone\\\\functions\\\\node_modules\\\\firebase-functions\\\\lib\\\\index.js\"}}"}}
[debug] [2020-09-12T13:14:42.736Z] [runtime-status] [12340] Resolved module firebase-functions {"declared":true,"installed":true,"version":"3.11.0","resolution":"C:\\Users\\hyper\\Documents\\Web Dev\\Clever Programmer\\amazon-clone\\functions\\node_modules\\firebase-functions\\lib\\index.js"} {"metadata":{"emulator":{"name":"functions"},"message":"[runtime-status] [12340] Resolved module firebase-functions {\"declared\":true,\"installed\":true,\"version\":\"3.11.0\",\"resolution\":\"C:\\\\Users\\\\hyper\\\\Documents\\\\Web Dev\\\\Clever Programmer\\\\amazon-clone\\\\functions\\\\node_modules\\\\firebase-functions\\\\lib\\\\index.js\"}"}}
[debug] [2020-09-12T13:14:42.737Z] [runtime-status] [12340] Resolved module firebase-admin {"declared":true,"installed":true,"version":"8.13.0","resolution":"C:\\Users\\hyper\\Documents\\Web Dev\\Clever Programmer\\amazon-clone\\functions\\node_modules\\firebase-admin\\lib\\index.js"} {"metadata":{"emulator":{"name":"functions"},"message":"[runtime-status] [12340] Resolved module firebase-admin {\"declared\":true,\"installed\":true,\"version\":\"8.13.0\",\"resolution\":\"C:\\\\Users\\\\hyper\\\\Documents\\\\Web Dev\\\\Clever Programmer\\\\amazon-clone\\\\functions\\\\node_modules\\\\firebase-admin\\\\lib\\\\index.js\"}"}}
[debug] [2020-09-12T13:14:42.737Z] [runtime-status] [12340] Resolved module firebase-functions {"declared":true,"installed":true,"version":"3.11.0","resolution":"C:\\Users\\hyper\\Documents\\Web Dev\\Clever Programmer\\amazon-clone\\functions\\node_modules\\firebase-functions\\lib\\index.js"} {"metadata":{"emulator":{"name":"functions"},"message":"[runtime-status] [12340] Resolved module firebase-functions {\"declared\":true,\"installed\":true,\"version\":\"3.11.0\",\"resolution\":\"C:\\\\Users\\\\hyper\\\\Documents\\\\Web Dev\\\\Clever Programmer\\\\amazon-clone\\\\functions\\\\node_modules\\\\firebase-functions\\\\lib\\\\index.js\"}"}}
[debug] [2020-09-12T13:14:42.737Z] [runtime-status] [12340] firebase-admin has been stubbed. {"adminResolution":{"declared":true,"installed":true,"version":"8.13.0","resolution":"C:\\Users\\hyper\\Documents\\Web Dev\\Clever Programmer\\amazon-clone\\functions\\node_modules\\firebase-admin\\lib\\index.js"}} {"metadata":{"emulator":{"name":"functions"},"message":"[runtime-status] [12340] firebase-admin has been stubbed. {\"adminResolution\":{\"declared\":true,\"installed\":true,\"version\":\"8.13.0\",\"resolution\":\"C:\\\\Users\\\\hyper\\\\Documents\\\\Web Dev\\\\Clever Programmer\\\\amazon-clone\\\\functions\\\\node_modules\\\\firebase-admin\\\\lib\\\\index.js\"}}"}}
[info] +  functions[api]: http function initialized (http://localhost:5001/clone-74420/us-central1/api). {"metadata":{"emulator":{"name":"functions"},"message":"\u001b[1mhttp\u001b[22m function initialized (http://localhost:5001/clone-74420/us-central1/api)."}}
[info] 
┌───────────────────────────────────────────────────────────────────────┐
│ ✔  All emulators ready! View status and logs at http://localhost:4000 │
└───────────────────────────────────────────────────────────────────────┘

┌───────────┬────────────────┬─────────────────────────────────┐
│ Emulator  │ Host:Port      │ View in Emulator UI             │
├───────────┼────────────────┼─────────────────────────────────┤
│ Functions │ localhost:5001 │ http://localhost:4000/functions │
├───────────┼────────────────┼─────────────────────────────────┤
│ Hosting   │ localhost:5000 │ n/a                             │
└───────────┴────────────────┴─────────────────────────────────┘
  Other reserved ports: 4400, 4500

Issues? Report them at https://github.com/firebase/firebase-tools/issues and attach the *-debug.log files.
 
[debug] [2020-09-12T13:14:42.887Z] [worker-~diagnostic~-ab788330-9c12-4f41-abbb-28587ebb307e]: IDLE {"metadata":{"emulator":{"name":"functions"},"message":"[worker-~diagnostic~-ab788330-9c12-4f41-abbb-28587ebb307e]: IDLE"}}
[debug] [2020-09-12T13:14:43.873Z] [work-queue] {"queueLength":1,"workRunningCount":0}
[debug] [2020-09-12T13:14:43.873Z] [work-queue] {"queueLength":0,"workRunningCount":1}
[debug] [2020-09-12T13:14:43.874Z] Accepted request GET /clone-74420/us-central1/api --> api
[debug] [2020-09-12T13:14:43.876Z] [worker-pool] addWorker(api) {"metadata":{"emulator":{"name":"functions"},"message":"[worker-pool] addWorker(api)"}}
[debug] [2020-09-12T13:14:43.877Z] [worker-pool] Adding worker with key api, total=1 {"metadata":{"emulator":{"name":"functions"},"message":"[worker-pool] Adding worker with key api, total=1"}}
[debug] [2020-09-12T13:14:43.877Z] [worker-pool] submitWork(triggerId=api) {"metadata":{"emulator":{"name":"functions"},"message":"[worker-pool] submitWork(triggerId=api)"}}
[debug] [2020-09-12T13:14:43.877Z] [worker-api-50fc0a19-c133-4c2f-94fc-a7b535f37781]: Assigning socketPath: \\?\pipe\C:\Users\hyper\Documents\Web Dev\Clever Programmer\amazon-clone\functions\6216 {"metadata":{"emulator":{"name":"functions"},"message":"[worker-api-50fc0a19-c133-4c2f-94fc-a7b535f37781]: Assigning socketPath: \\\\?\\pipe\\C:\\Users\\hyper\\Documents\\Web Dev\\Clever Programmer\\amazon-clone\\functions\\6216"}}
[debug] [2020-09-12T13:14:43.877Z] [worker-api-50fc0a19-c133-4c2f-94fc-a7b535f37781]: BUSY {"metadata":{"emulator":{"name":"functions"},"message":"[worker-api-50fc0a19-c133-4c2f-94fc-a7b535f37781]: BUSY"}}
[debug] [2020-09-12T13:14:44.228Z] [runtime-status] [6216] Functions runtime initialized. {"cwd":"C:\\Users\\hyper\\Documents\\Web Dev\\Clever Programmer\\amazon-clone\\functions","node_version":"12.18.3"} {"metadata":{"emulator":{"name":"functions"},"function":{"name":"api"},"message":"[runtime-status] [6216] Functions runtime initialized. {\"cwd\":\"C:\\\\Users\\\\hyper\\\\Documents\\\\Web Dev\\\\Clever Programmer\\\\amazon-clone\\\\functions\",\"node_version\":\"12.18.3\"}"}}
[debug] [2020-09-12T13:14:44.230Z] [runtime-status] [6216] Disabled runtime features: undefined {"metadata":{"emulator":{"name":"functions"},"function":{"name":"api"},"message":"[runtime-status] [6216] Disabled runtime features: undefined"}}
[debug] [2020-09-12T13:14:44.234Z] [runtime-status] [6216] Resolved module firebase-admin {"declared":true,"installed":true,"version":"8.13.0","resolution":"C:\\Users\\hyper\\Documents\\Web Dev\\Clever Programmer\\amazon-clone\\functions\\node_modules\\firebase-admin\\lib\\index.js"} {"metadata":{"emulator":{"name":"functions"},"function":{"name":"api"},"message":"[runtime-status] [6216] Resolved module firebase-admin {\"declared\":true,\"installed\":true,\"version\":\"8.13.0\",\"resolution\":\"C:\\\\Users\\\\hyper\\\\Documents\\\\Web Dev\\\\Clever Programmer\\\\amazon-clone\\\\functions\\\\node_modules\\\\firebase-admin\\\\lib\\\\index.js\"}"}}
[debug] [2020-09-12T13:14:44.238Z] [runtime-status] [6216] Resolved module firebase-functions {"declared":true,"installed":true,"version":"3.11.0","resolution":"C:\\Users\\hyper\\Documents\\Web Dev\\Clever Programmer\\amazon-clone\\functions\\node_modules\\firebase-functions\\lib\\index.js"} {"metadata":{"emulator":{"name":"functions"},"function":{"name":"api"},"message":"[runtime-status] [6216] Resolved module firebase-functions {\"declared\":true,\"installed\":true,\"version\":\"3.11.0\",\"resolution\":\"C:\\\\Users\\\\hyper\\\\Documents\\\\Web Dev\\\\Clever Programmer\\\\amazon-clone\\\\functions\\\\node_modules\\\\firebase-functions\\\\lib\\\\index.js\"}"}}
[debug] [2020-09-12T13:14:44.239Z] [runtime-status] [6216] Resolved module firebase-functions {"declared":true,"installed":true,"version":"3.11.0","resolution":"C:\\Users\\hyper\\Documents\\Web Dev\\Clever Programmer\\amazon-clone\\functions\\node_modules\\firebase-functions\\lib\\index.js"} {"metadata":{"emulator":{"name":"functions"},"function":{"name":"api"},"message":"[runtime-status] [6216] Resolved module firebase-functions {\"declared\":true,\"installed\":true,\"version\":\"3.11.0\",\"resolution\":\"C:\\\\Users\\\\hyper\\\\Documents\\\\Web Dev\\\\Clever Programmer\\\\amazon-clone\\\\functions\\\\node_modules\\\\firebase-functions\\\\lib\\\\index.js\"}"}}
[debug] [2020-09-12T13:14:44.241Z] [runtime-status] [6216] Outgoing network have been stubbed. [{"name":"http","status":"mocked"},{"name":"http","status":"mocked"},{"name":"https","status":"mocked"},{"name":"https","status":"mocked"},{"name":"net","status":"mocked"}] {"metadata":{"emulator":{"name":"functions"},"function":{"name":"api"},"message":"[runtime-status] [6216] Outgoing network have been stubbed. [{\"name\":\"http\",\"status\":\"mocked\"},{\"name\":\"http\",\"status\":\"mocked\"},{\"name\":\"https\",\"status\":\"mocked\"},{\"name\":\"https\",\"status\":\"mocked\"},{\"name\":\"net\",\"status\":\"mocked\"}]"}}
[debug] [2020-09-12T13:14:44.241Z] [runtime-status] [6216] Resolved module firebase-functions {"declared":true,"installed":true,"version":"3.11.0","resolution":"C:\\Users\\hyper\\Documents\\Web Dev\\Clever Programmer\\amazon-clone\\functions\\node_modules\\firebase-functions\\lib\\index.js"} {"metadata":{"emulator":{"name":"functions"},"function":{"name":"api"},"message":"[runtime-status] [6216] Resolved module firebase-functions {\"declared\":true,\"installed\":true,\"version\":\"3.11.0\",\"resolution\":\"C:\\\\Users\\\\hyper\\\\Documents\\\\Web Dev\\\\Clever Programmer\\\\amazon-clone\\\\functions\\\\node_modules\\\\firebase-functions\\\\lib\\\\index.js\"}"}}
[debug] [2020-09-12T13:14:44.279Z] [runtime-status] [6216] Checked functions.config() {"config":{}} {"metadata":{"emulator":{"name":"functions"},"function":{"name":"api"},"message":"[runtime-status] [6216] Checked functions.config() {\"config\":{}}"}}
[debug] [2020-09-12T13:14:44.280Z] [runtime-status] [6216] firebase-functions has been stubbed. {"functionsResolution":{"declared":true,"installed":true,"version":"3.11.0","resolution":"C:\\Users\\hyper\\Documents\\Web Dev\\Clever Programmer\\amazon-clone\\functions\\node_modules\\firebase-functions\\lib\\index.js"}} {"metadata":{"emulator":{"name":"functions"},"function":{"name":"api"},"message":"[runtime-status] [6216] firebase-functions has been stubbed. {\"functionsResolution\":{\"declared\":true,\"installed\":true,\"version\":\"3.11.0\",\"resolution\":\"C:\\\\Users\\\\hyper\\\\Documents\\\\Web Dev\\\\Clever Programmer\\\\amazon-clone\\\\functions\\\\node_modules\\\\firebase-functions\\\\lib\\\\index.js\"}}"}}
[debug] [2020-09-12T13:14:44.280Z] [runtime-status] [6216] Resolved module firebase-functions {"declared":true,"installed":true,"version":"3.11.0","resolution":"C:\\Users\\hyper\\Documents\\Web Dev\\Clever Programmer\\amazon-clone\\functions\\node_modules\\firebase-functions\\lib\\index.js"} {"metadata":{"emulator":{"name":"functions"},"function":{"name":"api"},"message":"[runtime-status] [6216] Resolved module firebase-functions {\"declared\":true,\"installed\":true,\"version\":\"3.11.0\",\"resolution\":\"C:\\\\Users\\\\hyper\\\\Documents\\\\Web Dev\\\\Clever Programmer\\\\amazon-clone\\\\functions\\\\node_modules\\\\firebase-functions\\\\lib\\\\index.js\"}"}}
[debug] [2020-09-12T13:14:44.280Z] [runtime-status] [6216] Resolved module firebase-admin {"declared":true,"installed":true,"version":"8.13.0","resolution":"C:\\Users\\hyper\\Documents\\Web Dev\\Clever Programmer\\amazon-clone\\functions\\node_modules\\firebase-admin\\lib\\index.js"} {"metadata":{"emulator":{"name":"functions"},"function":{"name":"api"},"message":"[runtime-status] [6216] Resolved module firebase-admin {\"declared\":true,\"installed\":true,\"version\":\"8.13.0\",\"resolution\":\"C:\\\\Users\\\\hyper\\\\Documents\\\\Web Dev\\\\Clever Programmer\\\\amazon-clone\\\\functions\\\\node_modules\\\\firebase-admin\\\\lib\\\\index.js\"}"}}
[debug] [2020-09-12T13:14:44.281Z] [runtime-status] [6216] Resolved module firebase-functions {"declared":true,"installed":true,"version":"3.11.0","resolution":"C:\\Users\\hyper\\Documents\\Web Dev\\Clever Programmer\\amazon-clone\\functions\\node_modules\\firebase-functions\\lib\\index.js"} {"metadata":{"emulator":{"name":"functions"},"function":{"name":"api"},"message":"[runtime-status] [6216] Resolved module firebase-functions {\"declared\":true,\"installed\":true,\"version\":\"3.11.0\",\"resolution\":\"C:\\\\Users\\\\hyper\\\\Documents\\\\Web Dev\\\\Clever Programmer\\\\amazon-clone\\\\functions\\\\node_modules\\\\firebase-functions\\\\lib\\\\index.js\"}"}}
[debug] [2020-09-12T13:14:44.281Z] [runtime-status] [6216] firebase-admin has been stubbed. {"adminResolution":{"declared":true,"installed":true,"version":"8.13.0","resolution":"C:\\Users\\hyper\\Documents\\Web Dev\\Clever Programmer\\amazon-clone\\functions\\node_modules\\firebase-admin\\lib\\index.js"}} {"metadata":{"emulator":{"name":"functions"},"function":{"name":"api"},"message":"[runtime-status] [6216] firebase-admin has been stubbed. {\"adminResolution\":{\"declared\":true,\"installed\":true,\"version\":\"8.13.0\",\"resolution\":\"C:\\\\Users\\\\hyper\\\\Documents\\\\Web Dev\\\\Clever Programmer\\\\amazon-clone\\\\functions\\\\node_modules\\\\firebase-admin\\\\lib\\\\index.js\"}}"}}
[debug] [2020-09-12T13:14:44.422Z] [runtime-status] [6216] Trigger "api" has been found, beginning invocation! {"metadata":{"emulator":{"name":"functions"},"function":{"name":"api"},"message":"[runtime-status] [6216] Trigger \"api\" has been found, beginning invocation!"}}
[info] i  functions: Beginning execution of "api" {"metadata":{"emulator":{"name":"functions"},"function":{"name":"api"},"message":"Beginning execution of \"api\""}}
[debug] [2020-09-12T13:14:44.424Z] [runtime-status] [6216] triggerDefinition {"httpsTrigger":{},"name":"api","entryPoint":"api"} {"metadata":{"emulator":{"name":"functions"},"function":{"name":"api"},"message":"[runtime-status] [6216] triggerDefinition {\"httpsTrigger\":{},\"name\":\"api\",\"entryPoint\":\"api\"}"}}
[debug] [2020-09-12T13:14:44.424Z] [runtime-status] [6216] Running api in mode HTTPS {"metadata":{"emulator":{"name":"functions"},"function":{"name":"api"},"message":"[runtime-status] [6216] Running api in mode HTTPS"}}
[debug] [2020-09-12T13:14:44.425Z] [runtime-status] [6216] Attempting to listen to socketPath: \\?\pipe\C:\Users\hyper\Documents\Web Dev\Clever Programmer\amazon-clone\functions\6216 {"metadata":{"emulator":{"name":"functions"},"function":{"name":"api"},"message":"[runtime-status] [6216] Attempting to listen to socketPath: \\\\?\\pipe\\C:\\Users\\hyper\\Documents\\Web Dev\\Clever Programmer\\amazon-clone\\functions\\6216"}}
[debug] [2020-09-12T13:14:44.427Z] [functions] Runtime ready! Sending request! {"metadata":{"emulator":{"name":"functions"},"message":"[functions] Runtime ready! Sending request!"}}
[debug] [2020-09-12T13:14:44.432Z] [runtime-status] [6216] Ephemeral server handling GET request {"metadata":{"emulator":{"name":"functions"},"function":{"name":"api"},"message":"[runtime-status] [6216] Ephemeral server handling GET request"}}
[debug] [2020-09-12T13:14:44.438Z] [runtime-status] [6216] Ephemeral server survived. {"metadata":{"emulator":{"name":"functions"},"function":{"name":"api"},"message":"[runtime-status] [6216] Ephemeral server survived."}}
[info] i  functions: Finished "api" in ~1s {"metadata":{"emulator":{"name":"functions"},"function":{"name":"api"},"message":"Finished \"api\" in ~1s"}}
[debug] [2020-09-12T13:14:44.440Z] [worker-api-50fc0a19-c133-4c2f-94fc-a7b535f37781]: IDLE {"metadata":{"emulator":{"name":"functions"},"message":"[worker-api-50fc0a19-c133-4c2f-94fc-a7b535f37781]: IDLE"}}
[debug] [2020-09-12T13:14:44.440Z] [work-queue] {"queueLength":0,"workRunningCount":0}
[debug] [2020-09-12T13:14:53.566Z] [work-queue] {"queueLength":1,"workRunningCount":0}
[debug] [2020-09-12T13:14:53.566Z] [work-queue] {"queueLength":0,"workRunningCount":1}
[debug] [2020-09-12T13:14:53.566Z] Accepted request POST /clone-74420/us-central1/api/payments/create?total=129999 --> api
[debug] [2020-09-12T13:14:53.566Z] [worker-pool] submitWork(triggerId=api) {"metadata":{"emulator":{"name":"functions"},"message":"[worker-pool] submitWork(triggerId=api)"}}
[debug] [2020-09-12T13:14:53.566Z] [worker-api-50fc0a19-c133-4c2f-94fc-a7b535f37781]: Assigning socketPath: \\?\pipe\C:\Users\hyper\Documents\Web Dev\Clever Programmer\amazon-clone\functions\6216 {"metadata":{"emulator":{"name":"functions"},"message":"[worker-api-50fc0a19-c133-4c2f-94fc-a7b535f37781]: Assigning socketPath: \\\\?\\pipe\\C:\\Users\\hyper\\Documents\\Web Dev\\Clever Programmer\\amazon-clone\\functions\\6216"}}
[debug] [2020-09-12T13:14:53.567Z] [worker-api-50fc0a19-c133-4c2f-94fc-a7b535f37781]: BUSY {"metadata":{"emulator":{"name":"functions"},"message":"[worker-api-50fc0a19-c133-4c2f-94fc-a7b535f37781]: BUSY"}}
[debug] [2020-09-12T13:14:53.567Z] [runtime-status] [6216] Trigger "api" has been found, beginning invocation! {"metadata":{"emulator":{"name":"functions"},"function":{"name":"api"},"message":"[runtime-status] [6216] Trigger \"api\" has been found, beginning invocation!"}}
[info] i  functions: Beginning execution of "api" {"metadata":{"emulator":{"name":"functions"},"function":{"name":"api"},"message":"Beginning execution of \"api\""}}
[debug] [2020-09-12T13:14:53.568Z] [runtime-status] [6216] triggerDefinition {"httpsTrigger":{},"name":"api","entryPoint":"api"} {"metadata":{"emulator":{"name":"functions"},"function":{"name":"api"},"message":"[runtime-status] [6216] triggerDefinition {\"httpsTrigger\":{},\"name\":\"api\",\"entryPoint\":\"api\"}"}}
[debug] [2020-09-12T13:14:53.569Z] [runtime-status] [6216] Running api in mode HTTPS {"metadata":{"emulator":{"name":"functions"},"function":{"name":"api"},"message":"[runtime-status] [6216] Running api in mode HTTPS"}}
[debug] [2020-09-12T13:14:53.569Z] [runtime-status] [6216] Attempting to listen to socketPath: \\?\pipe\C:\Users\hyper\Documents\Web Dev\Clever Programmer\amazon-clone\functions\6216 {"metadata":{"emulator":{"name":"functions"},"function":{"name":"api"},"message":"[runtime-status] [6216] Attempting to listen to socketPath: \\\\?\\pipe\\C:\\Users\\hyper\\Documents\\Web Dev\\Clever Programmer\\amazon-clone\\functions\\6216"}}
[debug] [2020-09-12T13:14:53.570Z] [functions] Runtime ready! Sending request! {"metadata":{"emulator":{"name":"functions"},"message":"[functions] Runtime ready! Sending request!"}}
[debug] [2020-09-12T13:14:53.573Z] [runtime-status] [6216] Ephemeral server handling POST request {"metadata":{"emulator":{"name":"functions"},"function":{"name":"api"},"message":"[runtime-status] [6216] Ephemeral server handling POST request"}}
[debug] [2020-09-12T13:14:53.576Z] [runtime-status] [6216] Ephemeral server survived. {"metadata":{"emulator":{"name":"functions"},"function":{"name":"api"},"message":"[runtime-status] [6216] Ephemeral server survived."}}
[info] i  functions: Finished "api" in ~1s {"metadata":{"emulator":{"name":"functions"},"function":{"name":"api"},"message":"Finished \"api\" in ~1s"}}
[debug] [2020-09-12T13:14:53.579Z] [worker-api-50fc0a19-c133-4c2f-94fc-a7b535f37781]: IDLE {"metadata":{"emulator":{"name":"functions"},"message":"[worker-api-50fc0a19-c133-4c2f-94fc-a7b535f37781]: IDLE"}}
[debug] [2020-09-12T13:14:53.579Z] [work-queue] {"queueLength":0,"workRunningCount":0}
[debug] [2020-09-12T13:15:29.644Z] Received signal SIGHUP 1
